[00:39:42] [ServerMain/INFO]: Environment: Environment[sessionHost=https://sessionserver.mojang.com, servicesHost=https://api.minecraftservices.com, name=PROD]
[00:39:44] [ServerMain/INFO]: No existing world data, creating new world
[00:39:45] [ServerMain/INFO]: Loaded 1337 recipes
[00:39:45] [ServerMain/INFO]: Loaded 1448 advancements
[00:39:45] [Server thread/INFO]: Starting minecraft server version 1.21.3
[00:39:45] [Server thread/INFO]: Loading properties
[00:39:45] [Server thread/INFO]: Default game type: SURVIVAL
[00:39:45] [Server thread/INFO]: Generating keypair
[00:39:46] [Server thread/INFO]: Starting Minecraft server on *:25565
[00:39:46] [Server thread/INFO]: Using epoll channel type
[00:39:46] [Server thread/WARN]: **** SERVER IS RUNNING IN OFFLINE/INSECURE MODE!
[00:39:46] [Server thread/WARN]: The server will make no attempt to authenticate usernames. Beware.
[00:39:46] [Server thread/WARN]: While this makes the game possible to play without internet access, it also opens up the ability for hackers to connect with any username they choose.
[00:39:46] [Server thread/WARN]: To change this, set "online-mode" to "true" in the server.properties file.
[00:39:46] [Server thread/INFO]: Preparing level "asdas"
[00:39:58] [Server thread/INFO]: Preparing start region for dimension minecraft:overworld
[00:39:58] [Worker-Main-2/INFO]: Preparing spawn area: 2%
[00:39:59] [Worker-Main-2/INFO]: Preparing spawn area: 2%
[00:39:59] [Worker-Main-2/INFO]: Preparing spawn area: 2%
[00:40:00] [Worker-Main-2/INFO]: Preparing spawn area: 2%
[00:40:00] [Worker-Main-2/INFO]: Preparing spawn area: 2%
[00:40:01] [Worker-Main-2/INFO]: Preparing spawn area: 2%
[00:40:01] [Worker-Main-2/INFO]: Preparing spawn area: 2%
[00:40:02] [Worker-Main-2/INFO]: Preparing spawn area: 2%
[00:40:03] [Worker-Main-2/INFO]: Preparing spawn area: 2%
[00:40:03] [Worker-Main-2/INFO]: Preparing spawn area: 2%
[00:40:03] [Worker-Main-2/INFO]: Preparing spawn area: 2%
[00:40:04] [Worker-Main-2/INFO]: Preparing spawn area: 2%
[00:40:04] [Worker-Main-2/INFO]: Preparing spawn area: 2%
[00:40:05] [Worker-Main-2/INFO]: Preparing spawn area: 2%
[00:40:05] [Worker-Main-2/INFO]: Preparing spawn area: 2%
[00:40:06] [Worker-Main-2/INFO]: Preparing spawn area: 2%
[00:40:06] [Worker-Main-2/INFO]: Preparing spawn area: 2%
[00:40:07] [Worker-Main-2/INFO]: Preparing spawn area: 2%
[00:40:07] [Worker-Main-2/INFO]: Preparing spawn area: 2%
[00:40:08] [Worker-Main-2/INFO]: Preparing spawn area: 2%
[00:40:08] [Worker-Main-2/INFO]: Preparing spawn area: 6%
[00:40:08] [Server thread/INFO]: Time elapsed: 10254 ms
[00:40:08] [Server thread/INFO]: Done (22.610s)! For help, type "help"
[00:40:40] [Server thread/INFO]: PiertPit2004[/127.136.139.200:46559] logged in with entity id 14 at (-1.5, 134.0, -1.5)
[00:40:41] [Server thread/INFO]: PiertPit2004 joined the game
[00:41:00] [Server thread/INFO]: Brayannashe26[/127.8.247.105:47713] logged in with entity id 149 at (-5.5, 130.0, -0.5)
[00:41:00] [Server thread/INFO]: Brayannashe26 joined the game
[00:41:30] [Server thread/INFO]: TheMaster_Hand[/127.226.0.24:52397] logged in with entity id 318 at (-1.5, 137.0, 0.5)
[00:41:30] [Server thread/INFO]: TheMaster_Hand joined the game
[00:46:48] [Server thread/INFO]: TheMaster_Hand has made the advancement [Stone Age]
[00:47:06] [Server thread/INFO]: TheMaster_Hand has made the advancement [Getting an Upgrade]
[00:47:23] [Server thread/INFO]: PiertPit2004 has made the advancement [Stone Age]
[00:50:24] [Server thread/INFO]: Brayannashe26 has made the advancement [Stone Age]
[00:51:05] [Server thread/INFO]: Brayannashe26 has made the advancement [Getting an Upgrade]
[00:51:29] [Server thread/INFO]: PiertPit2004 has made the advancement [Getting an Upgrade]
[00:51:48] [Server thread/INFO]: Brayannashe26 has made the advancement [Monster Hunter]
[00:51:59] [Server thread/INFO]: TheMaster_Hand has made the advancement [Monster Hunter]
[00:52:11] [Server thread/INFO]: PiertPit2004 has made the advancement [Acquire Hardware]
[00:52:30] [Server thread/INFO]: PiertPit2004 has made the advancement [Isn't It Iron Pick]
[00:52:45] [Server thread/INFO]: TheMaster_Hand has made the advancement [Acquire Hardware]
[00:53:37] [Server thread/WARN]: Can't keep up! Is the server overloaded? Running 2058ms or 41 ticks behind
[00:53:44] [Server thread/INFO]: Brayannashe26 was slain by Zombie
[00:56:30] [Server thread/INFO]: TheMaster_Hand has made the advancement [Not Today, Thank You]
[00:59:01] [Server thread/INFO]: PiertPit2004 has made the advancement [Monster Hunter]
